[2023-06-07T01:42:53.812] [INFO] post - Post 4178f4b9-845e-41e4-8818-f2cbdbf9451d created successfully
[2023-06-07T01:54:24.307] [ERROR] post - Problems on server: Error: 
Invalid `prisma.post.create()` invocation in
E:\pepeh\Documents\GitHub\chainlink-hackathon\backend\services\post.js:19:44

  16 
  17 //Create post on database
  18 try {
→ 19     const post = await prisma.post.create(
Unique constraint failed on the fields: (`address`)
[2023-06-07T01:56:26.649] [INFO] post - Post 0d8f057a-9230-4714-9a2e-7a2c2531f12e created successfully
[2023-06-07T22:05:26.393] [ERROR] post - Problems on server: Error: 
Invalid `prisma.post.findUnique()` invocation in
/home/marcelo/dev/chainlink-hackathon/backend/services/post.js:54:38

  51 let post;
  52 
  53 try {
→ 54     post = await prisma.post.findUnique({
           where: {
             id: 'edea90b6-2743-4efe-ab55-dcacf2cce38e'
           },
           include: {
         ?   author?: true,
             posts: true
             ~~~~~
           }
         })


Unknown field `posts` for include statement on model Post. Available options are listed in green.

[2023-06-07T22:05:26.411] [ERROR] post - Problems on server: Error: 
Invalid `prisma.post.findUnique()` invocation in
/home/marcelo/dev/chainlink-hackathon/backend/services/post.js:54:38

  51 let post;
  52 
  53 try {
→ 54     post = await prisma.post.findUnique({
           where: {
             id: 'edea90b6-2743-4efe-ab55-dcacf2cce38e'
           },
           include: {
         ?   author?: true,
             posts: true
             ~~~~~
           }
         })


Unknown field `posts` for include statement on model Post. Available options are listed in green.

[2023-06-07T22:06:54.512] [INFO] post - Post d48ddb79-1035-4796-90d6-d148768b4ac3 created successfully
[2023-06-08T18:51:05.424] [ERROR] post - Post undefined not found
[2023-06-08T18:51:05.433] [ERROR] post - Post undefined not found
[2023-06-08T19:02:30.058] [INFO] post - Post 8acf2525-a842-4a88-a151-f47d031c8264 created successfully
[2023-06-08T19:58:39.219] [ERROR] post - Post undefined not found
[2023-06-08T19:58:39.232] [ERROR] post - Post undefined not found
